In file included from [01m[K/opt/ros/melodic/include/ros/serialization.h:37:0[m[K,
                 from [01m[K/opt/ros/melodic/include/ros/publisher.h:34[m[K,
                 from [01m[K/opt/ros/melodic/include/ros/node_handle.h:32[m[K,
                 from [01m[K/opt/ros/melodic/include/ros/ros.h:45[m[K,
                 from [01m[K/home/me/Desktop/labiagi_2020_21/workspaces/Pick-and-Delivery/src/set_goal/set_goal.cpp:1[m[K:
/opt/ros/melodic/include/ros/message_traits.h: In instantiation of ‘[01m[Kstatic const char* ros::message_traits::MD5Sum<M>::value() [with M = set_goal::NewGoal][m[K’:
[01m[K/opt/ros/melodic/include/ros/message_traits.h:227:102:[m[K   required from ‘[01m[Kconst char* ros::message_traits::md5sum() [with M = set_goal::NewGoal][m[K’
[01m[K/opt/ros/melodic/include/ros/subscribe_options.h:89:49:[m[K   required from ‘[01m[Kvoid ros::SubscribeOptions::initByFullCallbackType(const string&, uint32_t, const boost::function<void(P)>&, const boost::function<boost::shared_ptr<typename ros::ParameterAdapter<P>::Message>()>&) [with P = const set_goal::NewGoal&; std::__cxx11::string = std::__cxx11::basic_string<char>; uint32_t = unsigned int; typename ros::ParameterAdapter<P>::Message = set_goal::NewGoal][m[K’
[01m[K/opt/ros/melodic/include/ros/node_handle.h:659:5:[m[K   required from ‘[01m[Kros::Subscriber ros::NodeHandle::subscribe(const string&, uint32_t, void (*)(M), const ros::TransportHints&) [with M = const set_goal::NewGoal&; std::__cxx11::string = std::__cxx11::basic_string<char>; uint32_t = unsigned int][m[K’
[01m[K/home/me/Desktop/labiagi_2020_21/workspaces/Pick-and-Delivery/src/set_goal/set_goal.cpp:164:73:[m[K   required from here
[01m[K/opt/ros/melodic/include/ros/message_traits.h:120:28:[m[K [01;31m[Kerror: [m[K‘[01m[K__s_getMD5Sum[m[K’ is not a member of ‘[01m[Kset_goal::NewGoal[m[K’
     return [01;31m[KM::__s_getMD5Sum()[m[K.c_str();
            [01;31m[K~~~~~~~~~~~~~~~~^~[m[K
/opt/ros/melodic/include/ros/message_traits.h: In instantiation of ‘[01m[Kstatic const char* ros::message_traits::DataType<M>::value() [with M = set_goal::NewGoal][m[K’:
[01m[K/opt/ros/melodic/include/ros/message_traits.h:236:104:[m[K   required from ‘[01m[Kconst char* ros::message_traits::datatype() [with M = set_goal::NewGoal][m[K’
[01m[K/opt/ros/melodic/include/ros/subscribe_options.h:90:53:[m[K   required from ‘[01m[Kvoid ros::SubscribeOptions::initByFullCallbackType(const string&, uint32_t, const boost::function<void(P)>&, const boost::function<boost::shared_ptr<typename ros::ParameterAdapter<P>::Message>()>&) [with P = const set_goal::NewGoal&; std::__cxx11::string = std::__cxx11::basic_string<char>; uint32_t = unsigned int; typename ros::ParameterAdapter<P>::Message = set_goal::NewGoal][m[K’
[01m[K/opt/ros/melodic/include/ros/node_handle.h:659:5:[m[K   required from ‘[01m[Kros::Subscriber ros::NodeHandle::subscribe(const string&, uint32_t, void (*)(M), const ros::TransportHints&) [with M = const set_goal::NewGoal&; std::__cxx11::string = std::__cxx11::basic_string<char>; uint32_t = unsigned int][m[K’
[01m[K/home/me/Desktop/labiagi_2020_21/workspaces/Pick-and-Delivery/src/set_goal/set_goal.cpp:164:73:[m[K   required from here
[01m[K/opt/ros/melodic/include/ros/message_traits.h:137:30:[m[K [01;31m[Kerror: [m[K‘[01m[K__s_getDataType[m[K’ is not a member of ‘[01m[Kset_goal::NewGoal[m[K’
     return [01;31m[KM::__s_getDataType()[m[K.c_str();
            [01;31m[K~~~~~~~~~~~~~~~~~~^~[m[K
In file included from [01m[K/opt/ros/melodic/include/ros/publisher.h:34:0[m[K,
                 from [01m[K/opt/ros/melodic/include/ros/node_handle.h:32[m[K,
                 from [01m[K/opt/ros/melodic/include/ros/ros.h:45[m[K,
                 from [01m[K/home/me/Desktop/labiagi_2020_21/workspaces/Pick-and-Delivery/src/set_goal/set_goal.cpp:1[m[K:
/opt/ros/melodic/include/ros/serialization.h: In instantiation of ‘[01m[Kstatic void ros::serialization::Serializer<T>::read(Stream&, typename boost::call_traits<T>::reference) [with Stream = ros::serialization::IStream; T = set_goal::NewGoal; typename boost::call_traits<T>::reference = set_goal::NewGoal&][m[K’:
[01m[K/opt/ros/melodic/include/ros/serialization.h:163:22:[m[K   required from ‘[01m[Kvoid ros::serialization::deserialize(Stream&, T&) [with T = set_goal::NewGoal; Stream = ros::serialization::IStream][m[K’
[01m[K/opt/ros/melodic/include/ros/subscription_callback_helper.h:136:21:[m[K   required from ‘[01m[Kros::VoidConstPtr ros::SubscriptionCallbackHelperT<P, Enabled>::deserialize(const ros::SubscriptionCallbackHelperDeserializeParams&) [with P = const set_goal::NewGoal&; Enabled = void; ros::VoidConstPtr = boost::shared_ptr<const void>][m[K’
[01m[K/home/me/Desktop/labiagi_2020_21/workspaces/Pick-and-Delivery/src/set_goal/set_goal.cpp:211:1:[m[K   required from here
[01m[K/opt/ros/melodic/include/ros/serialization.h:136:7:[m[K [01;31m[Kerror: [m[K‘[01m[Kclass set_goal::NewGoal[m[K’ has no member named ‘[01m[Kdeserialize[m[K’
     [01;31m[Kt.deserialize[m[K(stream.getData());
     [01;31m[K~~^~~~~~~~~~~[m[K
make[2]: *** [CMakeFiles/SetGoal.dir/set_goal.cpp.o] Error 1
make[1]: *** [CMakeFiles/SetGoal.dir/all] Error 2
make: *** [all] Error 2
