[35m[1mScanning dependencies of target _set_goal_generate_messages_check_deps_NewGoal[0m
[35m[1mScanning dependencies of target std_msgs_generate_messages_nodejs[0m
[  0%] Built target std_msgs_generate_messages_nodejs
[35m[1mScanning dependencies of target sensor_msgs_generate_messages_nodejs[0m
[  0%] Built target _set_goal_generate_messages_check_deps_NewGoal
[  0%] Built target sensor_msgs_generate_messages_nodejs
[35m[1mScanning dependencies of target nav_msgs_generate_messages_nodejs[0m
[35m[1mScanning dependencies of target geometry_msgs_generate_messages_nodejs[0m
[  0%] Built target nav_msgs_generate_messages_nodejs
[  0%] Built target geometry_msgs_generate_messages_nodejs
[35m[1mScanning dependencies of target tf2_msgs_generate_messages_nodejs[0m
[35m[1mScanning dependencies of target tf2_msgs_generate_messages_py[0m
[  0%] Built target tf2_msgs_generate_messages_nodejs
[  0%] Built target tf2_msgs_generate_messages_py
[35m[1mScanning dependencies of target nav_msgs_generate_messages_py[0m
[35m[1mScanning dependencies of target sensor_msgs_generate_messages_py[0m
[  0%] Built target nav_msgs_generate_messages_py
[  0%] Built target sensor_msgs_generate_messages_py
[35m[1mScanning dependencies of target std_msgs_generate_messages_py[0m
[35m[1mScanning dependencies of target geometry_msgs_generate_messages_py[0m
[  0%] Built target std_msgs_generate_messages_py
[  0%] Built target geometry_msgs_generate_messages_py
[35m[1mScanning dependencies of target tf2_msgs_generate_messages_lisp[0m
[35m[1mScanning dependencies of target nav_msgs_generate_messages_lisp[0m
[  0%] Built target tf2_msgs_generate_messages_lisp
[35m[1mScanning dependencies of target sensor_msgs_generate_messages_lisp[0m
[  0%] Built target sensor_msgs_generate_messages_lisp
[  0%] Built target nav_msgs_generate_messages_lisp
[35m[1mScanning dependencies of target std_msgs_generate_messages_lisp[0m
[35m[1mScanning dependencies of target geometry_msgs_generate_messages_lisp[0m
[  0%] Built target geometry_msgs_generate_messages_lisp
[  0%] Built target std_msgs_generate_messages_lisp
[35m[1mScanning dependencies of target nav_msgs_generate_messages_eus[0m
[35m[1mScanning dependencies of target sensor_msgs_generate_messages_eus[0m
[  0%] Built target nav_msgs_generate_messages_eus
[  0%] Built target sensor_msgs_generate_messages_eus
[35m[1mScanning dependencies of target std_msgs_generate_messages_eus[0m
[35m[1mScanning dependencies of target geometry_msgs_generate_messages_eus[0m
[  0%] Built target std_msgs_generate_messages_eus
[  0%] Built target geometry_msgs_generate_messages_eus
[35m[1mScanning dependencies of target tf2_msgs_generate_messages_eus[0m
[35m[1mScanning dependencies of target tf2_msgs_generate_messages_cpp[0m
[  0%] Built target tf2_msgs_generate_messages_eus
[35m[1mScanning dependencies of target nav_msgs_generate_messages_cpp[0m
[  0%] Built target tf2_msgs_generate_messages_cpp
[  0%] Built target nav_msgs_generate_messages_cpp
[35m[1mScanning dependencies of target std_msgs_generate_messages_cpp[0m
[35m[1mScanning dependencies of target sensor_msgs_generate_messages_cpp[0m
[  0%] Built target std_msgs_generate_messages_cpp
[  0%] Built target sensor_msgs_generate_messages_cpp
[35m[1mScanning dependencies of target geometry_msgs_generate_messages_cpp[0m
[35m[1mScanning dependencies of target set_goal_generate_messages_nodejs[0m
[  0%] Built target geometry_msgs_generate_messages_cpp
[ 14%] [34m[1mGenerating Javascript code from set_goal/NewGoal.msg[0m
[35m[1mScanning dependencies of target set_goal_generate_messages_py[0m
[ 28%] [34m[1mGenerating Python from MSG set_goal/NewGoal[0m
[ 28%] Built target set_goal_generate_messages_nodejs
[35m[1mScanning dependencies of target set_goal_generate_messages_lisp[0m
[ 42%] [34m[1mGenerating Lisp code from set_goal/NewGoal.msg[0m
[ 42%] Built target set_goal_generate_messages_lisp
[35m[1mScanning dependencies of target set_goal_generate_messages_eus[0m
[ 57%] [34m[1mGenerating EusLisp code from set_goal/NewGoal.msg[0m
[ 71%] [34m[1mGenerating Python msg __init__.py for set_goal[0m
[ 85%] [34m[1mGenerating EusLisp manifest code for set_goal[0m
[ 85%] Built target set_goal_generate_messages_py
[35m[1mScanning dependencies of target set_goal_generate_messages_cpp[0m
[100%] [34m[1mGenerating C++ code from set_goal/NewGoal.msg[0m
[100%] Built target set_goal_generate_messages_cpp
[100%] Built target set_goal_generate_messages_eus
[35m[1mScanning dependencies of target set_goal_generate_messages[0m
[100%] Built target set_goal_generate_messages
