[36m--[0m Using CATKIN_DEVEL_PREFIX: /home/me/Desktop/labiagi_2020_21/workspaces/Pick-and-Delivery/devel/.private/set_goal
[36m--[0m Using CMAKE_PREFIX_PATH: /home/me/Desktop/labiagi_2020_21/workspaces/Pick-and-Delivery/devel;/opt/ros/melodic
[36m--[0m This workspace overlays: /home/me/Desktop/labiagi_2020_21/workspaces/Pick-and-Delivery/devel;/opt/ros/melodic
[36m--[0m Found PythonInterp: /usr/bin/python2 (found suitable version "2.7.17", minimum required is "2")
[36m--[0m Using PYTHON_EXECUTABLE: /usr/bin/python2
[36m--[0m Using Debian Python package layout
[36m--[0m Using empy: /usr/bin/empy
[36m--[0m Using CATKIN_ENABLE_TESTING: ON
[36m--[0m Call enable_testing()
[36m--[0m Using CATKIN_TEST_RESULTS_DIR: /home/me/Desktop/labiagi_2020_21/workspaces/Pick-and-Delivery/build/set_goal/test_results
[36m--[0m Found gtest sources under '/usr/src/googletest': gtests will be built
[36m--[0m Found gmock sources under '/usr/src/googletest': gmock will be built
[36m--[0m Found PythonInterp: /usr/bin/python2 (found version "2.7.17")
[36m--[0m Using Python nosetests: /usr/bin/nosetests-2.7
[36m--[0m catkin 0.7.29
[36m--[0m BUILD_SHARED_LIBS is on
[36m--[0m Using these message generators: gencpp;geneus;genlisp;gennodejs;genpy
[36m--[0m set_goal: 1 messages, 0 services
[31m[1mCMake Error[0m at /home/me/Desktop/labiagi_2020_21/workspaces/Pick-and-Delivery/src/set_goal/CMakeLists.txt:154 (target_link_libraries):
  Cannot specify link libraries for target "set_goal" which is not built by
  this project.


[36m--[0m Configuring incomplete, errors occurred!
See also "/home/me/Desktop/labiagi_2020_21/workspaces/Pick-and-Delivery/build/set_goal/CMakeFiles/CMakeOutput.log".
See also "/home/me/Desktop/labiagi_2020_21/workspaces/Pick-and-Delivery/build/set_goal/CMakeFiles/CMakeError.log".
Makefile:378: recipe for target 'cmake_check_build_system' failed
make: *** [cmake_check_build_system] Error 1
