Determining if the pthread_create exist failed with the following output:
Change Dir: /home/me/Desktop/labiagi_2020_21/workspaces/Pick-and-Delivery/build/CMakeFiles/CMakeTmp

Run Build Command:"/usr/bin/make" "cmTC_d99ad/fast"
/usr/bin/make -f CMakeFiles/cmTC_d99ad.dir/build.make CMakeFiles/cmTC_d99ad.dir/build
make[1]: Entering directory '/home/me/Desktop/labiagi_2020_21/workspaces/Pick-and-Delivery/build/CMakeFiles/CMakeTmp'
Building C object CMakeFiles/cmTC_d99ad.dir/CheckSymbolExists.c.o
/usr/bin/cc    -o CMakeFiles/cmTC_d99ad.dir/CheckSymbolExists.c.o   -c /home/me/Desktop/labiagi_2020_21/workspaces/Pick-and-Delivery/build/CMakeFiles/CMakeTmp/CheckSymbolExists.c
Linking C executable cmTC_d99ad
/usr/bin/cmake -E cmake_link_script CMakeFiles/cmTC_d99ad.dir/link.txt --verbose=1
/usr/bin/cc      -rdynamic CMakeFiles/cmTC_d99ad.dir/CheckSymbolExists.c.o  -o cmTC_d99ad 
CMakeFiles/cmTC_d99ad.dir/CheckSymbolExists.c.o: In function `main':
CheckSymbolExists.c:(.text+0x1b): undefined reference to `pthread_create'
collect2: error: ld returned 1 exit status
CMakeFiles/cmTC_d99ad.dir/build.make:97: recipe for target 'cmTC_d99ad' failed
make[1]: *** [cmTC_d99ad] Error 1
make[1]: Leaving directory '/home/me/Desktop/labiagi_2020_21/workspaces/Pick-and-Delivery/build/CMakeFiles/CMakeTmp'
Makefile:126: recipe for target 'cmTC_d99ad/fast' failed
make: *** [cmTC_d99ad/fast] Error 2

File /home/me/Desktop/labiagi_2020_21/workspaces/Pick-and-Delivery/build/CMakeFiles/CMakeTmp/CheckSymbolExists.c:
/* */
#include <pthread.h>

int main(int argc, char** argv)
{
  (void)argv;
#ifndef pthread_create
  return ((int*)(&pthread_create))[argc];
#else
  (void)argc;
  return 0;
#endif
}

Determining if the function pthread_create exists in the pthreads failed with the following output:
Change Dir: /home/me/Desktop/labiagi_2020_21/workspaces/Pick-and-Delivery/build/CMakeFiles/CMakeTmp

Run Build Command:"/usr/bin/make" "cmTC_f2753/fast"
/usr/bin/make -f CMakeFiles/cmTC_f2753.dir/build.make CMakeFiles/cmTC_f2753.dir/build
make[1]: Entering directory '/home/me/Desktop/labiagi_2020_21/workspaces/Pick-and-Delivery/build/CMakeFiles/CMakeTmp'
Building C object CMakeFiles/cmTC_f2753.dir/CheckFunctionExists.c.o
/usr/bin/cc   -DCHECK_FUNCTION_EXISTS=pthread_create   -o CMakeFiles/cmTC_f2753.dir/CheckFunctionExists.c.o   -c /usr/share/cmake-3.10/Modules/CheckFunctionExists.c
Linking C executable cmTC_f2753
/usr/bin/cmake -E cmake_link_script CMakeFiles/cmTC_f2753.dir/link.txt --verbose=1
/usr/bin/cc  -DCHECK_FUNCTION_EXISTS=pthread_create    -rdynamic CMakeFiles/cmTC_f2753.dir/CheckFunctionExists.c.o  -o cmTC_f2753 -lpthreads 
/usr/bin/ld: cannot find -lpthreads
collect2: error: ld returned 1 exit status
CMakeFiles/cmTC_f2753.dir/build.make:97: recipe for target 'cmTC_f2753' failed
make[1]: *** [cmTC_f2753] Error 1
make[1]: Leaving directory '/home/me/Desktop/labiagi_2020_21/workspaces/Pick-and-Delivery/build/CMakeFiles/CMakeTmp'
Makefile:126: recipe for target 'cmTC_f2753/fast' failed
make: *** [cmTC_f2753/fast] Error 2


