Determining if the pthread_create exist failed with the following output:
Change Dir: /home/me/Desktop/labiagi_2020_21/workspaces/Pick-and-Delivery/build/set_goal/CMakeFiles/CMakeTmp

Run Build Command:"/usr/bin/make" "cmTC_6f442/fast"
/usr/bin/make -f CMakeFiles/cmTC_6f442.dir/build.make CMakeFiles/cmTC_6f442.dir/build
make[1]: Entering directory '/home/me/Desktop/labiagi_2020_21/workspaces/Pick-and-Delivery/build/set_goal/CMakeFiles/CMakeTmp'
Building C object CMakeFiles/cmTC_6f442.dir/CheckSymbolExists.c.o
/usr/bin/cc    -o CMakeFiles/cmTC_6f442.dir/CheckSymbolExists.c.o   -c /home/me/Desktop/labiagi_2020_21/workspaces/Pick-and-Delivery/build/set_goal/CMakeFiles/CMakeTmp/CheckSymbolExists.c
Linking C executable cmTC_6f442
/usr/bin/cmake -E cmake_link_script CMakeFiles/cmTC_6f442.dir/link.txt --verbose=1
/usr/bin/cc      -rdynamic CMakeFiles/cmTC_6f442.dir/CheckSymbolExists.c.o  -o cmTC_6f442 
CMakeFiles/cmTC_6f442.dir/CheckSymbolExists.c.o: In function `main':
CheckSymbolExists.c:(.text+0x1b): undefined reference to `pthread_create'
collect2: error: ld returned 1 exit status
CMakeFiles/cmTC_6f442.dir/build.make:97: recipe for target 'cmTC_6f442' failed
make[1]: *** [cmTC_6f442] Error 1
make[1]: Leaving directory '/home/me/Desktop/labiagi_2020_21/workspaces/Pick-and-Delivery/build/set_goal/CMakeFiles/CMakeTmp'
Makefile:126: recipe for target 'cmTC_6f442/fast' failed
make: *** [cmTC_6f442/fast] Error 2

File /home/me/Desktop/labiagi_2020_21/workspaces/Pick-and-Delivery/build/set_goal/CMakeFiles/CMakeTmp/CheckSymbolExists.c:
/* */
#include <pthread.h>

int main(int argc, char** argv)
{
  (void)argv;
#ifndef pthread_create
  return ((int*)(&pthread_create))[argc];
#else
  (void)argc;
  return 0;
#endif
}

Determining if the function pthread_create exists in the pthreads failed with the following output:
Change Dir: /home/me/Desktop/labiagi_2020_21/workspaces/Pick-and-Delivery/build/set_goal/CMakeFiles/CMakeTmp

Run Build Command:"/usr/bin/make" "cmTC_920de/fast"
/usr/bin/make -f CMakeFiles/cmTC_920de.dir/build.make CMakeFiles/cmTC_920de.dir/build
make[1]: Entering directory '/home/me/Desktop/labiagi_2020_21/workspaces/Pick-and-Delivery/build/set_goal/CMakeFiles/CMakeTmp'
Building C object CMakeFiles/cmTC_920de.dir/CheckFunctionExists.c.o
/usr/bin/cc   -DCHECK_FUNCTION_EXISTS=pthread_create   -o CMakeFiles/cmTC_920de.dir/CheckFunctionExists.c.o   -c /usr/share/cmake-3.10/Modules/CheckFunctionExists.c
Linking C executable cmTC_920de
/usr/bin/cmake -E cmake_link_script CMakeFiles/cmTC_920de.dir/link.txt --verbose=1
/usr/bin/cc  -DCHECK_FUNCTION_EXISTS=pthread_create    -rdynamic CMakeFiles/cmTC_920de.dir/CheckFunctionExists.c.o  -o cmTC_920de -lpthreads 
/usr/bin/ld: cannot find -lpthreads
collect2: error: ld returned 1 exit status
CMakeFiles/cmTC_920de.dir/build.make:97: recipe for target 'cmTC_920de' failed
make[1]: *** [cmTC_920de] Error 1
make[1]: Leaving directory '/home/me/Desktop/labiagi_2020_21/workspaces/Pick-and-Delivery/build/set_goal/CMakeFiles/CMakeTmp'
Makefile:126: recipe for target 'cmTC_920de/fast' failed
make: *** [cmTC_920de/fast] Error 2


