[35m[1mScanning dependencies of target std_msgs_generate_messages_nodejs[0m
[35m[1mScanning dependencies of target _Pick_and_Delivery_generate_messages_check_deps_NewGoal[0m
[  0%] Built target std_msgs_generate_messages_nodejs
[35m[1mScanning dependencies of target sensor_msgs_generate_messages_nodejs[0m
[  0%] Built target sensor_msgs_generate_messages_nodejs
[  0%] Built target _Pick_and_Delivery_generate_messages_check_deps_NewGoal
[35m[1mScanning dependencies of target nav_msgs_generate_messages_nodejs[0m
[35m[1mScanning dependencies of target geometry_msgs_generate_messages_nodejs[0m
[  0%] Built target nav_msgs_generate_messages_nodejs
[  0%] Built target geometry_msgs_generate_messages_nodejs
[35m[1mScanning dependencies of target tf2_msgs_generate_messages_nodejs[0m
[35m[1mScanning dependencies of target tf2_msgs_generate_messages_eus[0m
[  0%] Built target tf2_msgs_generate_messages_nodejs
[  0%] Built target tf2_msgs_generate_messages_eus
[35m[1mScanning dependencies of target nav_msgs_generate_messages_eus[0m
[35m[1mScanning dependencies of target sensor_msgs_generate_messages_eus[0m
[  0%] Built target nav_msgs_generate_messages_eus
[  0%] Built target sensor_msgs_generate_messages_eus
[35m[1mScanning dependencies of target std_msgs_generate_messages_eus[0m
[35m[1mScanning dependencies of target geometry_msgs_generate_messages_eus[0m
[  0%] Built target std_msgs_generate_messages_eus
[  0%] Built target geometry_msgs_generate_messages_eus
[35m[1mScanning dependencies of target tf2_msgs_generate_messages_py[0m
[35m[1mScanning dependencies of target nav_msgs_generate_messages_py[0m
[  0%] Built target tf2_msgs_generate_messages_py
[  0%] Built target nav_msgs_generate_messages_py
[35m[1mScanning dependencies of target sensor_msgs_generate_messages_py[0m
[35m[1mScanning dependencies of target std_msgs_generate_messages_py[0m
[  0%] Built target sensor_msgs_generate_messages_py
[  0%] Built target std_msgs_generate_messages_py
[35m[1mScanning dependencies of target geometry_msgs_generate_messages_py[0m
[35m[1mScanning dependencies of target tf2_msgs_generate_messages_lisp[0m
[  0%] Built target geometry_msgs_generate_messages_py
[  0%] Built target tf2_msgs_generate_messages_lisp
[35m[1mScanning dependencies of target nav_msgs_generate_messages_lisp[0m
[35m[1mScanning dependencies of target sensor_msgs_generate_messages_lisp[0m
[  0%] Built target nav_msgs_generate_messages_lisp
[  0%] Built target sensor_msgs_generate_messages_lisp
[35m[1mScanning dependencies of target std_msgs_generate_messages_lisp[0m
[35m[1mScanning dependencies of target geometry_msgs_generate_messages_lisp[0m
[  0%] Built target std_msgs_generate_messages_lisp
[  0%] Built target geometry_msgs_generate_messages_lisp
[35m[1mScanning dependencies of target tf2_msgs_generate_messages_cpp[0m
[35m[1mScanning dependencies of target nav_msgs_generate_messages_cpp[0m
[  0%] Built target tf2_msgs_generate_messages_cpp
[  0%] Built target nav_msgs_generate_messages_cpp
[35m[1mScanning dependencies of target std_msgs_generate_messages_cpp[0m
[35m[1mScanning dependencies of target sensor_msgs_generate_messages_cpp[0m
[  0%] Built target std_msgs_generate_messages_cpp
[  0%] Built target sensor_msgs_generate_messages_cpp
[35m[1mScanning dependencies of target geometry_msgs_generate_messages_cpp[0m
[35m[1mScanning dependencies of target Pick_and_Delivery_generate_messages_nodejs[0m
[  0%] Built target geometry_msgs_generate_messages_cpp
[ 14%] [34m[1mGenerating Javascript code from Pick_and_Delivery/NewGoal.msg[0m
[35m[1mScanning dependencies of target Pick_and_Delivery_generate_messages_eus[0m
[ 28%] [34m[1mGenerating EusLisp code from Pick_and_Delivery/NewGoal.msg[0m
[ 28%] Built target Pick_and_Delivery_generate_messages_nodejs
[35m[1mScanning dependencies of target Pick_and_Delivery_generate_messages_py[0m
[ 42%] [34m[1mGenerating Python from MSG Pick_and_Delivery/NewGoal[0m
[ 57%] [34m[1mGenerating EusLisp manifest code for Pick_and_Delivery[0m
WARNING: Package name "Pick_and_Delivery" does not follow the naming conventions. It should start with a lower case letter and only contain lower case letters, digits, underscores, and dashes.
WARNING: Package name "Pick_and_Delivery" does not follow the naming conventions. It should start with a lower case letter and only contain lower case letters, digits, underscores, and dashes.
[ 71%] [34m[1mGenerating Python msg __init__.py for Pick_and_Delivery[0m
[ 71%] Built target Pick_and_Delivery_generate_messages_py
[35m[1mScanning dependencies of target Pick_and_Delivery_generate_messages_lisp[0m
[ 85%] [34m[1mGenerating Lisp code from Pick_and_Delivery/NewGoal.msg[0m
[ 85%] Built target Pick_and_Delivery_generate_messages_lisp
[35m[1mScanning dependencies of target Pick_and_Delivery_generate_messages_cpp[0m
[100%] [34m[1mGenerating C++ code from Pick_and_Delivery/NewGoal.msg[0m
WARNING: Package name "Pick_and_Delivery" does not follow the naming conventions. It should start with a lower case letter and only contain lower case letters, digits, underscores, and dashes.
WARNING: Package name "Pick_and_Delivery" does not follow the naming conventions. It should start with a lower case letter and only contain lower case letters, digits, underscores, and dashes.
[100%] Built target Pick_and_Delivery_generate_messages_cpp
WARNING: Package name "Pick_and_Delivery" does not follow the naming conventions. It should start with a lower case letter and only contain lower case letters, digits, underscores, and dashes.
[100%] Built target Pick_and_Delivery_generate_messages_eus
[35m[1mScanning dependencies of target Pick_and_Delivery_generate_messages[0m
[100%] Built target Pick_and_Delivery_generate_messages
