Symlinking /home/me/Desktop/labiagi_2020_21/workspaces/Pick-and-Delivery/devel/include/Pick_and_Delivery/NewGoal.h
Symlinking /home/me/Desktop/labiagi_2020_21/workspaces/Pick-and-Delivery/devel/lib/pkgconfig/Pick_and_Delivery.pc
Symlinking /home/me/Desktop/labiagi_2020_21/workspaces/Pick-and-Delivery/devel/lib/python2.7/dist-packages/Pick_and_Delivery/__init__.py
Symlinking /home/me/Desktop/labiagi_2020_21/workspaces/Pick-and-Delivery/devel/lib/python2.7/dist-packages/Pick_and_Delivery/msg/__init__.py
Symlinking /home/me/Desktop/labiagi_2020_21/workspaces/Pick-and-Delivery/devel/lib/python2.7/dist-packages/Pick_and_Delivery/msg/_NewGoal.py
Symlinking /home/me/Desktop/labiagi_2020_21/workspaces/Pick-and-Delivery/devel/share/roseus/ros/Pick_and_Delivery/manifest.l
Symlinking /home/me/Desktop/labiagi_2020_21/workspaces/Pick-and-Delivery/devel/share/roseus/ros/Pick_and_Delivery/msg/NewGoal.l
Symlinking /home/me/Desktop/labiagi_2020_21/workspaces/Pick-and-Delivery/devel/share/gennodejs/ros/Pick_and_Delivery/_index.js
Symlinking /home/me/Desktop/labiagi_2020_21/workspaces/Pick-and-Delivery/devel/share/gennodejs/ros/Pick_and_Delivery/msg/_index.js
Symlinking /home/me/Desktop/labiagi_2020_21/workspaces/Pick-and-Delivery/devel/share/gennodejs/ros/Pick_and_Delivery/msg/NewGoal.js
Symlinking /home/me/Desktop/labiagi_2020_21/workspaces/Pick-and-Delivery/devel/share/Pick_and_Delivery/cmake/Pick_and_DeliveryConfig-version.cmake
Symlinking /home/me/Desktop/labiagi_2020_21/workspaces/Pick-and-Delivery/devel/share/Pick_and_Delivery/cmake/Pick_and_Delivery-msg-paths.cmake
Symlinking /home/me/Desktop/labiagi_2020_21/workspaces/Pick-and-Delivery/devel/share/Pick_and_Delivery/cmake/Pick_and_DeliveryConfig.cmake
Symlinking /home/me/Desktop/labiagi_2020_21/workspaces/Pick-and-Delivery/devel/share/Pick_and_Delivery/cmake/Pick_and_Delivery-msg-extras.cmake
Warning: Cannot symlink from /home/me/Desktop/labiagi_2020_21/workspaces/Pick-and-Delivery/devel/.private/Pick_and_Delivery/share/set_goal/cmake/set_goal-msg-paths.cmake to existing file /home/me/Desktop/labiagi_2020_21/workspaces/Pick-and-Delivery/devel/share/set_goal/cmake/set_goal-msg-paths.cmake
Warning: Source hash: 2021d84832a38c921b7b048a0fe7518f
Warning: Dest hash: 9da0a089b3005c4bed5121c63e50b8d3
Symlinking /home/me/Desktop/labiagi_2020_21/workspaces/Pick-and-Delivery/devel/share/common-lisp/ros/Pick_and_Delivery/msg/_package.lisp
Symlinking /home/me/Desktop/labiagi_2020_21/workspaces/Pick-and-Delivery/devel/share/common-lisp/ros/Pick_and_Delivery/msg/_package_NewGoal.lisp
Symlinking /home/me/Desktop/labiagi_2020_21/workspaces/Pick-and-Delivery/devel/share/common-lisp/ros/Pick_and_Delivery/msg/Pick_and_Delivery-msg.asd
Symlinking /home/me/Desktop/labiagi_2020_21/workspaces/Pick-and-Delivery/devel/share/common-lisp/ros/Pick_and_Delivery/msg/NewGoal.lisp
