Linked: (/home/me/Desktop/labiagi_2020_21/workspaces/Pick-and-Delivery/devel/.private/Pick_and_Delivery/include/Pick_and_Delivery/NewGoal.h, /home/me/Desktop/labiagi_2020_21/workspaces/Pick-and-Delivery/devel/include/Pick_and_Delivery/NewGoal.h)
Linked: (/home/me/Desktop/labiagi_2020_21/workspaces/Pick-and-Delivery/devel/.private/Pick_and_Delivery/lib/pkgconfig/Pick_and_Delivery.pc, /home/me/Desktop/labiagi_2020_21/workspaces/Pick-and-Delivery/devel/lib/pkgconfig/Pick_and_Delivery.pc)
Linked: (/home/me/Desktop/labiagi_2020_21/workspaces/Pick-and-Delivery/devel/.private/Pick_and_Delivery/lib/python2.7/dist-packages/Pick_and_Delivery/__init__.py, /home/me/Desktop/labiagi_2020_21/workspaces/Pick-and-Delivery/devel/lib/python2.7/dist-packages/Pick_and_Delivery/__init__.py)
Linked: (/home/me/Desktop/labiagi_2020_21/workspaces/Pick-and-Delivery/devel/.private/Pick_and_Delivery/lib/python2.7/dist-packages/Pick_and_Delivery/msg/__init__.py, /home/me/Desktop/labiagi_2020_21/workspaces/Pick-and-Delivery/devel/lib/python2.7/dist-packages/Pick_and_Delivery/msg/__init__.py)
Linked: (/home/me/Desktop/labiagi_2020_21/workspaces/Pick-and-Delivery/devel/.private/Pick_and_Delivery/lib/python2.7/dist-packages/Pick_and_Delivery/msg/_NewGoal.py, /home/me/Desktop/labiagi_2020_21/workspaces/Pick-and-Delivery/devel/lib/python2.7/dist-packages/Pick_and_Delivery/msg/_NewGoal.py)
Linked: (/home/me/Desktop/labiagi_2020_21/workspaces/Pick-and-Delivery/devel/.private/Pick_and_Delivery/share/roseus/ros/Pick_and_Delivery/manifest.l, /home/me/Desktop/labiagi_2020_21/workspaces/Pick-and-Delivery/devel/share/roseus/ros/Pick_and_Delivery/manifest.l)
Linked: (/home/me/Desktop/labiagi_2020_21/workspaces/Pick-and-Delivery/devel/.private/Pick_and_Delivery/share/roseus/ros/Pick_and_Delivery/msg/NewGoal.l, /home/me/Desktop/labiagi_2020_21/workspaces/Pick-and-Delivery/devel/share/roseus/ros/Pick_and_Delivery/msg/NewGoal.l)
Linked: (/home/me/Desktop/labiagi_2020_21/workspaces/Pick-and-Delivery/devel/.private/Pick_and_Delivery/share/gennodejs/ros/Pick_and_Delivery/_index.js, /home/me/Desktop/labiagi_2020_21/workspaces/Pick-and-Delivery/devel/share/gennodejs/ros/Pick_and_Delivery/_index.js)
Linked: (/home/me/Desktop/labiagi_2020_21/workspaces/Pick-and-Delivery/devel/.private/Pick_and_Delivery/share/gennodejs/ros/Pick_and_Delivery/msg/_index.js, /home/me/Desktop/labiagi_2020_21/workspaces/Pick-and-Delivery/devel/share/gennodejs/ros/Pick_and_Delivery/msg/_index.js)
Linked: (/home/me/Desktop/labiagi_2020_21/workspaces/Pick-and-Delivery/devel/.private/Pick_and_Delivery/share/gennodejs/ros/Pick_and_Delivery/msg/NewGoal.js, /home/me/Desktop/labiagi_2020_21/workspaces/Pick-and-Delivery/devel/share/gennodejs/ros/Pick_and_Delivery/msg/NewGoal.js)
Linked: (/home/me/Desktop/labiagi_2020_21/workspaces/Pick-and-Delivery/devel/.private/Pick_and_Delivery/share/Pick_and_Delivery/cmake/Pick_and_DeliveryConfig-version.cmake, /home/me/Desktop/labiagi_2020_21/workspaces/Pick-and-Delivery/devel/share/Pick_and_Delivery/cmake/Pick_and_DeliveryConfig-version.cmake)
Linked: (/home/me/Desktop/labiagi_2020_21/workspaces/Pick-and-Delivery/devel/.private/Pick_and_Delivery/share/Pick_and_Delivery/cmake/Pick_and_Delivery-msg-paths.cmake, /home/me/Desktop/labiagi_2020_21/workspaces/Pick-and-Delivery/devel/share/Pick_and_Delivery/cmake/Pick_and_Delivery-msg-paths.cmake)
Linked: (/home/me/Desktop/labiagi_2020_21/workspaces/Pick-and-Delivery/devel/.private/Pick_and_Delivery/share/Pick_and_Delivery/cmake/Pick_and_DeliveryConfig.cmake, /home/me/Desktop/labiagi_2020_21/workspaces/Pick-and-Delivery/devel/share/Pick_and_Delivery/cmake/Pick_and_DeliveryConfig.cmake)
Linked: (/home/me/Desktop/labiagi_2020_21/workspaces/Pick-and-Delivery/devel/.private/Pick_and_Delivery/share/Pick_and_Delivery/cmake/Pick_and_Delivery-msg-extras.cmake, /home/me/Desktop/labiagi_2020_21/workspaces/Pick-and-Delivery/devel/share/Pick_and_Delivery/cmake/Pick_and_Delivery-msg-extras.cmake)
Warning: Cannot symlink from /home/me/Desktop/labiagi_2020_21/workspaces/Pick-and-Delivery/devel/.private/Pick_and_Delivery/share/set_goal/cmake/set_goal-msg-paths.cmake to existing file /home/me/Desktop/labiagi_2020_21/workspaces/Pick-and-Delivery/devel/share/set_goal/cmake/set_goal-msg-paths.cmake
Warning: Source hash: 2021d84832a38c921b7b048a0fe7518f
Warning: Dest hash: 9da0a089b3005c4bed5121c63e50b8d3
Linked: (/home/me/Desktop/labiagi_2020_21/workspaces/Pick-and-Delivery/devel/.private/Pick_and_Delivery/share/common-lisp/ros/Pick_and_Delivery/msg/_package.lisp, /home/me/Desktop/labiagi_2020_21/workspaces/Pick-and-Delivery/devel/share/common-lisp/ros/Pick_and_Delivery/msg/_package.lisp)
Linked: (/home/me/Desktop/labiagi_2020_21/workspaces/Pick-and-Delivery/devel/.private/Pick_and_Delivery/share/common-lisp/ros/Pick_and_Delivery/msg/_package_NewGoal.lisp, /home/me/Desktop/labiagi_2020_21/workspaces/Pick-and-Delivery/devel/share/common-lisp/ros/Pick_and_Delivery/msg/_package_NewGoal.lisp)
Linked: (/home/me/Desktop/labiagi_2020_21/workspaces/Pick-and-Delivery/devel/.private/Pick_and_Delivery/share/common-lisp/ros/Pick_and_Delivery/msg/Pick_and_Delivery-msg.asd, /home/me/Desktop/labiagi_2020_21/workspaces/Pick-and-Delivery/devel/share/common-lisp/ros/Pick_and_Delivery/msg/Pick_and_Delivery-msg.asd)
Linked: (/home/me/Desktop/labiagi_2020_21/workspaces/Pick-and-Delivery/devel/.private/Pick_and_Delivery/share/common-lisp/ros/Pick_and_Delivery/msg/NewGoal.lisp, /home/me/Desktop/labiagi_2020_21/workspaces/Pick-and-Delivery/devel/share/common-lisp/ros/Pick_and_Delivery/msg/NewGoal.lisp)
