Determining if the pthread_create exist failed with the following output:
Change Dir: /home/me/Desktop/labiagi_2020_21/workspaces/Pick-and-Delivery/build/Pick_and_Delivery/CMakeFiles/CMakeTmp

Run Build Command:"/usr/bin/make" "cmTC_05170/fast"
/usr/bin/make -f CMakeFiles/cmTC_05170.dir/build.make CMakeFiles/cmTC_05170.dir/build
make[1]: Entering directory '/home/me/Desktop/labiagi_2020_21/workspaces/Pick-and-Delivery/build/Pick_and_Delivery/CMakeFiles/CMakeTmp'
Building C object CMakeFiles/cmTC_05170.dir/CheckSymbolExists.c.o
/usr/bin/cc    -o CMakeFiles/cmTC_05170.dir/CheckSymbolExists.c.o   -c /home/me/Desktop/labiagi_2020_21/workspaces/Pick-and-Delivery/build/Pick_and_Delivery/CMakeFiles/CMakeTmp/CheckSymbolExists.c
Linking C executable cmTC_05170
/usr/bin/cmake -E cmake_link_script CMakeFiles/cmTC_05170.dir/link.txt --verbose=1
/usr/bin/cc      -rdynamic CMakeFiles/cmTC_05170.dir/CheckSymbolExists.c.o  -o cmTC_05170 
CMakeFiles/cmTC_05170.dir/CheckSymbolExists.c.o: In function `main':
CheckSymbolExists.c:(.text+0x1b): undefined reference to `pthread_create'
collect2: error: ld returned 1 exit status
CMakeFiles/cmTC_05170.dir/build.make:97: recipe for target 'cmTC_05170' failed
make[1]: *** [cmTC_05170] Error 1
make[1]: Leaving directory '/home/me/Desktop/labiagi_2020_21/workspaces/Pick-and-Delivery/build/Pick_and_Delivery/CMakeFiles/CMakeTmp'
Makefile:126: recipe for target 'cmTC_05170/fast' failed
make: *** [cmTC_05170/fast] Error 2

File /home/me/Desktop/labiagi_2020_21/workspaces/Pick-and-Delivery/build/Pick_and_Delivery/CMakeFiles/CMakeTmp/CheckSymbolExists.c:
/* */
#include <pthread.h>

int main(int argc, char** argv)
{
  (void)argv;
#ifndef pthread_create
  return ((int*)(&pthread_create))[argc];
#else
  (void)argc;
  return 0;
#endif
}

Determining if the function pthread_create exists in the pthreads failed with the following output:
Change Dir: /home/me/Desktop/labiagi_2020_21/workspaces/Pick-and-Delivery/build/Pick_and_Delivery/CMakeFiles/CMakeTmp

Run Build Command:"/usr/bin/make" "cmTC_cdea9/fast"
/usr/bin/make -f CMakeFiles/cmTC_cdea9.dir/build.make CMakeFiles/cmTC_cdea9.dir/build
make[1]: Entering directory '/home/me/Desktop/labiagi_2020_21/workspaces/Pick-and-Delivery/build/Pick_and_Delivery/CMakeFiles/CMakeTmp'
Building C object CMakeFiles/cmTC_cdea9.dir/CheckFunctionExists.c.o
/usr/bin/cc   -DCHECK_FUNCTION_EXISTS=pthread_create   -o CMakeFiles/cmTC_cdea9.dir/CheckFunctionExists.c.o   -c /usr/share/cmake-3.10/Modules/CheckFunctionExists.c
Linking C executable cmTC_cdea9
/usr/bin/cmake -E cmake_link_script CMakeFiles/cmTC_cdea9.dir/link.txt --verbose=1
/usr/bin/cc  -DCHECK_FUNCTION_EXISTS=pthread_create    -rdynamic CMakeFiles/cmTC_cdea9.dir/CheckFunctionExists.c.o  -o cmTC_cdea9 -lpthreads 
/usr/bin/ld: cannot find -lpthreads
collect2: error: ld returned 1 exit status
CMakeFiles/cmTC_cdea9.dir/build.make:97: recipe for target 'cmTC_cdea9' failed
make[1]: *** [cmTC_cdea9] Error 1
make[1]: Leaving directory '/home/me/Desktop/labiagi_2020_21/workspaces/Pick-and-Delivery/build/Pick_and_Delivery/CMakeFiles/CMakeTmp'
Makefile:126: recipe for target 'cmTC_cdea9/fast' failed
make: *** [cmTC_cdea9/fast] Error 2


